<?xml version="1.0" encoding="UTF-8"?>
<!-- Generated by org.testng.reporters.JUnitXMLReporter -->
<testsuite hostname="QF-GAOZHENBIN" name="Default test" tests="5" failures="0" timestamp="28 Sep 2015 05:12:19 GMT" time="52.723" errors="0">
  <testcase name="testFlightInfo" time="8.469" classname="com.qunar.testcase.mainstream.DomesticSingleTest"/>
  <testcase name="testGoSingleFlightList" time="2.566" classname="com.qunar.testcase.mainstream.DomesticSingleTest"/>
  <testcase name="testGoOta" time="6.373" classname="com.qunar.testcase.mainstream.DomesticSingleTest"/>
  <testcase name="testBooking" time="8.542" classname="com.qunar.testcase.mainstream.DomesticSingleTest"/>
  <testcase name="testCreateOrder" time="9.538" classname="com.qunar.testcase.mainstream.DomesticSingleTest"/>
</testsuite> <!-- Default test -->
